TN:
SF:src\router.ts
FN:19,(anonymous_0)
FN:38,(anonymous_1)
FNF:2
FNH:2
FNDA:4,(anonymous_0)
FNDA:5,(anonymous_1)
DA:1,2
DA:2,2
DA:3,2
DA:4,2
DA:6,2
DA:8,2
DA:12,2
DA:19,4
DA:26,2
DA:31,2
DA:38,5
DA:44,2
DA:50,2
DA:57,2
LF:14
LH:14
BRF:0
BRH:0
end_of_record
TN:
SF:src\server.ts
FN:6,connectDB
FN:21,(anonymous_2)
FNF:2
FNH:2
FNDA:3,connectDB
FNDA:1,(anonymous_2)
DA:1,2
DA:2,2
DA:3,2
DA:4,2
DA:6,2
DA:7,3
DA:8,3
DA:9,2
DA:11,1
DA:15,2
DA:16,2
DA:18,2
DA:19,2
DA:21,2
DA:22,1
DA:26,2
LF:16
LH:16
BRF:0
BRH:0
end_of_record
TN:
SF:src\config\db.ts
FNF:0
FNH:0
DA:1,2
DA:2,2
DA:4,2
DA:5,2
DA:11,2
LF:5
LH:5
BRF:0
BRH:0
end_of_record
TN:
SF:src\handlers\product.ts
FN:5,(anonymous_1)
FN:14,(anonymous_2)
FN:30,(anonymous_3)
FN:47,(anonymous_4)
FN:69,(anonymous_5)
FN:87,(anonymous_6)
FNF:6
FNH:6
FNDA:1,(anonymous_1)
FNDA:2,(anonymous_2)
FNDA:2,(anonymous_3)
FNDA:2,(anonymous_4)
FNDA:2,(anonymous_5)
FNDA:2,(anonymous_6)
DA:2,2
DA:5,2
DA:6,1
DA:8,1
DA:14,2
DA:15,2
DA:25,2
DA:30,2
DA:31,2
DA:32,2
DA:34,2
DA:35,1
DA:39,1
DA:42,1
DA:47,2
DA:49,2
DA:50,2
DA:52,2
DA:53,1
DA:57,1
DA:61,1
DA:63,1
DA:64,1
DA:69,2
DA:70,2
DA:71,2
DA:73,2
DA:74,1
DA:78,1
DA:81,1
DA:82,1
DA:83,1
DA:87,2
DA:88,2
DA:89,2
DA:91,2
DA:92,1
DA:96,1
DA:99,1
DA:101,1
LF:40
LH:40
BRDA:34,0,0,1
BRDA:52,1,0,1
BRDA:73,2,0,1
BRDA:91,3,0,1
BRF:4
BRH:4
end_of_record
TN:
SF:src\middleware\index.ts
FN:4,(anonymous_0)
FNF:1
FNH:1
FNDA:17,(anonymous_0)
DA:2,2
DA:4,2
DA:8,17
DA:10,17
DA:11,8
DA:15,8
DA:18,9
LF:7
LH:7
BRDA:10,0,0,8
BRF:1
BRH:1
end_of_record
TN:
SF:src\models\Product.model.ts
FNF:0
FNH:0
DA:1,3
DA:7,3
DA:11,3
DA:16,3
DA:22,3
DA:25,3
LF:6
LH:6
BRF:0
BRH:0
end_of_record
